{"C:\\Users\\murase\\Documents\\yatagarasu\\src\\client\\lib\\hookSnippet.ts": {"path":"C:\\Users\\murase\\Documents\\yatagarasu\\src\\client\\lib\\hookSnippet.ts","all":false,"statementMap":{"0":{"start":{"line":1,"column":0},"end":{"line":1,"column":75}},"1":{"start":{"line":2,"column":0},"end":{"line":2,"column":89}},"2":{"start":{"line":3,"column":0},"end":{"line":3,"column":113}},"3":{"start":{"line":4,"column":0},"end":{"line":4,"column":1}},"5":{"start":{"line":6,"column":0},"end":{"line":6,"column":74}},"6":{"start":{"line":7,"column":0},"end":{"line":7,"column":52}},"7":{"start":{"line":8,"column":0},"end":{"line":8,"column":18}},"8":{"start":{"line":9,"column":0},"end":{"line":9,"column":12}},"9":{"start":{"line":10,"column":0},"end":{"line":10,"column":77}},"10":{"start":{"line":11,"column":0},"end":{"line":11,"column":78}},"11":{"start":{"line":12,"column":0},"end":{"line":12,"column":6}},"12":{"start":{"line":13,"column":0},"end":{"line":13,"column":4}},"13":{"start":{"line":14,"column":0},"end":{"line":14,"column":41}},"14":{"start":{"line":15,"column":0},"end":{"line":15,"column":1}}},"s":{"0":1,"1":6,"2":6,"3":6,"5":1,"6":1,"7":1,"8":1,"9":1,"10":1,"11":1,"12":1,"13":1,"14":1},"branchMap":{"0":{"type":"branch","line":1,"loc":{"start":{"line":1,"column":7},"end":{"line":4,"column":1}},"locations":[{"start":{"line":1,"column":7},"end":{"line":4,"column":1}}]},"1":{"type":"branch","line":2,"loc":{"start":{"line":2,"column":31},"end":{"line":2,"column":86}},"locations":[{"start":{"line":2,"column":31},"end":{"line":2,"column":86}}]},"2":{"type":"branch","line":2,"loc":{"start":{"line":2,"column":81},"end":{"line":2,"column":89}},"locations":[{"start":{"line":2,"column":81},"end":{"line":2,"column":89}}]},"3":{"type":"branch","line":6,"loc":{"start":{"line":6,"column":7},"end":{"line":15,"column":1}},"locations":[{"start":{"line":6,"column":7},"end":{"line":15,"column":1}}]}},"b":{"0":[6],"1":[4],"2":[2],"3":[1]},"fnMap":{"0":{"name":"buildHookCommand","decl":{"start":{"line":1,"column":7},"end":{"line":4,"column":1}},"loc":{"start":{"line":1,"column":7},"end":{"line":4,"column":1}},"line":1},"1":{"name":"buildHookConfig","decl":{"start":{"line":6,"column":7},"end":{"line":15,"column":1}},"loc":{"start":{"line":6,"column":7},"end":{"line":15,"column":1}},"line":6}},"f":{"0":6,"1":1}}
,"C:\\Users\\murase\\Documents\\yatagarasu\\src\\server\\index.ts": {"path":"C:\\Users\\murase\\Documents\\yatagarasu\\src\\server\\index.ts","all":false,"statementMap":{"0":{"start":{"line":1,"column":0},"end":{"line":1,"column":30}},"9":{"start":{"line":10,"column":0},"end":{"line":10,"column":26}},"20":{"start":{"line":21,"column":0},"end":{"line":21,"column":46}},"21":{"start":{"line":22,"column":0},"end":{"line":22,"column":24}},"23":{"start":{"line":24,"column":0},"end":{"line":24,"column":42}},"25":{"start":{"line":26,"column":0},"end":{"line":26,"column":36}},"26":{"start":{"line":27,"column":0},"end":{"line":27,"column":39}},"27":{"start":{"line":28,"column":0},"end":{"line":28,"column":47}},"29":{"start":{"line":30,"column":0},"end":{"line":30,"column":58}},"30":{"start":{"line":31,"column":0},"end":{"line":31,"column":50}},"31":{"start":{"line":32,"column":0},"end":{"line":32,"column":39}},"32":{"start":{"line":33,"column":0},"end":{"line":33,"column":46}},"33":{"start":{"line":34,"column":0},"end":{"line":34,"column":50}},"34":{"start":{"line":35,"column":0},"end":{"line":35,"column":7}},"35":{"start":{"line":36,"column":0},"end":{"line":36,"column":3}},"37":{"start":{"line":38,"column":0},"end":{"line":38,"column":13}},"38":{"start":{"line":39,"column":0},"end":{"line":39,"column":1}},"40":{"start":{"line":41,"column":0},"end":{"line":41,"column":81}},"41":{"start":{"line":42,"column":0},"end":{"line":42,"column":49}},"42":{"start":{"line":43,"column":0},"end":{"line":43,"column":43}},"43":{"start":{"line":44,"column":0},"end":{"line":44,"column":26}},"45":{"start":{"line":46,"column":0},"end":{"line":46,"column":35}},"46":{"start":{"line":47,"column":0},"end":{"line":47,"column":36}},"47":{"start":{"line":48,"column":0},"end":{"line":48,"column":39}},"48":{"start":{"line":49,"column":0},"end":{"line":49,"column":85}},"49":{"start":{"line":50,"column":0},"end":{"line":50,"column":32}},"50":{"start":{"line":51,"column":0},"end":{"line":51,"column":7}},"51":{"start":{"line":52,"column":0},"end":{"line":52,"column":5}},"52":{"start":{"line":53,"column":0},"end":{"line":53,"column":1}}},"s":{"0":1,"9":1,"20":1,"21":4,"23":4,"25":4,"26":4,"27":4,"29":4,"30":4,"31":0,"32":0,"33":0,"34":0,"35":0,"37":4,"38":4,"40":1,"41":1,"42":1,"43":1,"45":1,"46":1,"47":1,"48":1,"49":1,"50":1,"51":1,"52":1},"branchMap":{"0":{"type":"branch","line":21,"loc":{"start":{"line":21,"column":7},"end":{"line":39,"column":1}},"locations":[{"start":{"line":21,"column":7},"end":{"line":39,"column":1}}]},"1":{"type":"branch","line":31,"loc":{"start":{"line":31,"column":49},"end":{"line":36,"column":3}},"locations":[{"start":{"line":31,"column":49},"end":{"line":36,"column":3}}]},"2":{"type":"branch","line":41,"loc":{"start":{"line":41,"column":7},"end":{"line":53,"column":1}},"locations":[{"start":{"line":41,"column":7},"end":{"line":53,"column":1}}]},"3":{"type":"branch","line":42,"loc":{"start":{"line":42,"column":28},"end":{"line":42,"column":49}},"locations":[{"start":{"line":42,"column":28},"end":{"line":42,"column":49}}]},"4":{"type":"branch","line":46,"loc":{"start":{"line":46,"column":21},"end":{"line":52,"column":3}},"locations":[{"start":{"line":46,"column":21},"end":{"line":52,"column":3}}]},"5":{"type":"branch","line":47,"loc":{"start":{"line":47,"column":29},"end":{"line":51,"column":5}},"locations":[{"start":{"line":47,"column":29},"end":{"line":51,"column":5}}]},"6":{"type":"branch","line":49,"loc":{"start":{"line":49,"column":68},"end":{"line":49,"column":85}},"locations":[{"start":{"line":49,"column":68},"end":{"line":49,"column":85}}]}},"b":{"0":[4],"1":[0],"2":[1],"3":[0],"4":[1],"5":[1],"6":[0]},"fnMap":{"0":{"name":"createApp","decl":{"start":{"line":21,"column":7},"end":{"line":39,"column":1}},"loc":{"start":{"line":21,"column":7},"end":{"line":39,"column":1}},"line":21},"1":{"name":"startServer","decl":{"start":{"line":41,"column":7},"end":{"line":53,"column":1}},"loc":{"start":{"line":41,"column":7},"end":{"line":53,"column":1}},"line":41}},"f":{"0":4,"1":1}}
,"C:\\Users\\murase\\Documents\\yatagarasu\\src\\server\\ws.ts": {"path":"C:\\Users\\murase\\Documents\\yatagarasu\\src\\server\\ws.ts","all":false,"statementMap":{"0":{"start":{"line":1,"column":0},"end":{"line":1,"column":48}},"4":{"start":{"line":5,"column":0},"end":{"line":5,"column":39}},"6":{"start":{"line":7,"column":0},"end":{"line":7,"column":55}},"7":{"start":{"line":8,"column":0},"end":{"line":8,"column":53}},"8":{"start":{"line":9,"column":0},"end":{"line":9,"column":36}},"9":{"start":{"line":10,"column":0},"end":{"line":10,"column":58}},"10":{"start":{"line":11,"column":0},"end":{"line":11,"column":62}},"11":{"start":{"line":12,"column":0},"end":{"line":12,"column":5}},"12":{"start":{"line":13,"column":0},"end":{"line":13,"column":1}},"14":{"start":{"line":15,"column":0},"end":{"line":15,"column":61}},"15":{"start":{"line":16,"column":0},"end":{"line":16,"column":19}},"16":{"start":{"line":17,"column":0},"end":{"line":17,"column":65}},"17":{"start":{"line":18,"column":0},"end":{"line":18,"column":37}},"18":{"start":{"line":19,"column":0},"end":{"line":19,"column":47}},"19":{"start":{"line":20,"column":0},"end":{"line":20,"column":27}},"20":{"start":{"line":21,"column":0},"end":{"line":21,"column":5}},"21":{"start":{"line":22,"column":0},"end":{"line":22,"column":3}},"22":{"start":{"line":23,"column":0},"end":{"line":23,"column":1}}},"s":{"0":1,"4":1,"6":1,"7":1,"8":1,"9":2,"10":2,"11":1,"12":1,"14":1,"15":14,"16":1,"17":1,"18":1,"19":1,"20":1,"21":1,"22":1},"branchMap":{"0":{"type":"branch","line":7,"loc":{"start":{"line":7,"column":7},"end":{"line":13,"column":1}},"locations":[{"start":{"line":7,"column":7},"end":{"line":13,"column":1}}]},"1":{"type":"branch","line":9,"loc":{"start":{"line":9,"column":23},"end":{"line":12,"column":3}},"locations":[{"start":{"line":9,"column":23},"end":{"line":12,"column":3}}]},"2":{"type":"branch","line":15,"loc":{"start":{"line":15,"column":7},"end":{"line":23,"column":1}},"locations":[{"start":{"line":15,"column":7},"end":{"line":23,"column":1}}]},"3":{"type":"branch","line":16,"loc":{"start":{"line":16,"column":12},"end":{"line":16,"column":19}},"locations":[{"start":{"line":16,"column":12},"end":{"line":16,"column":19}}]},"4":{"type":"branch","line":16,"loc":{"start":{"line":16,"column":12},"end":{"line":23,"column":1}},"locations":[{"start":{"line":16,"column":12},"end":{"line":23,"column":1}}]}},"b":{"0":[1],"1":[2],"2":[14],"3":[13],"4":[1]},"fnMap":{"0":{"name":"attachWebSocket","decl":{"start":{"line":7,"column":7},"end":{"line":13,"column":1}},"loc":{"start":{"line":7,"column":7},"end":{"line":13,"column":1}},"line":7},"1":{"name":"broadcastActivity","decl":{"start":{"line":15,"column":7},"end":{"line":23,"column":1}},"loc":{"start":{"line":15,"column":7},"end":{"line":23,"column":1}},"line":15}},"f":{"0":1,"1":14}}
,"C:\\Users\\murase\\Documents\\yatagarasu\\src\\server\\db\\index.ts": {"path":"C:\\Users\\murase\\Documents\\yatagarasu\\src\\server\\db\\index.ts","all":false,"statementMap":{"0":{"start":{"line":1,"column":0},"end":{"line":1,"column":38}},"34":{"start":{"line":35,"column":0},"end":{"line":35,"column":95}},"35":{"start":{"line":36,"column":0},"end":{"line":36,"column":28}},"36":{"start":{"line":37,"column":0},"end":{"line":37,"column":50}},"37":{"start":{"line":38,"column":0},"end":{"line":38,"column":1}},"39":{"start":{"line":40,"column":0},"end":{"line":40,"column":32}},"40":{"start":{"line":41,"column":0},"end":{"line":41,"column":32}},"41":{"start":{"line":42,"column":0},"end":{"line":42,"column":16}},"43":{"start":{"line":44,"column":0},"end":{"line":44,"column":20}},"44":{"start":{"line":45,"column":0},"end":{"line":45,"column":29}},"45":{"start":{"line":46,"column":0},"end":{"line":46,"column":115}},"47":{"start":{"line":48,"column":0},"end":{"line":48,"column":4}},"48":{"start":{"line":49,"column":0},"end":{"line":49,"column":31}},"49":{"start":{"line":50,"column":0},"end":{"line":50,"column":75}},"50":{"start":{"line":51,"column":0},"end":{"line":51,"column":4}},"51":{"start":{"line":52,"column":0},"end":{"line":52,"column":65}},"52":{"start":{"line":53,"column":0},"end":{"line":53,"column":72}},"53":{"start":{"line":54,"column":0},"end":{"line":54,"column":61}},"54":{"start":{"line":55,"column":0},"end":{"line":55,"column":26}},"55":{"start":{"line":56,"column":0},"end":{"line":56,"column":72}},"57":{"start":{"line":58,"column":0},"end":{"line":58,"column":4}},"58":{"start":{"line":59,"column":0},"end":{"line":59,"column":26}},"59":{"start":{"line":60,"column":0},"end":{"line":60,"column":110}},"60":{"start":{"line":61,"column":0},"end":{"line":61,"column":4}},"61":{"start":{"line":62,"column":0},"end":{"line":62,"column":61}},"62":{"start":{"line":63,"column":0},"end":{"line":63,"column":2}},"64":{"start":{"line":65,"column":0},"end":{"line":65,"column":83}},"66":{"start":{"line":67,"column":0},"end":{"line":67,"column":58}},"67":{"start":{"line":68,"column":0},"end":{"line":68,"column":42}},"68":{"start":{"line":69,"column":0},"end":{"line":69,"column":1}},"70":{"start":{"line":71,"column":0},"end":{"line":71,"column":62}},"71":{"start":{"line":72,"column":0},"end":{"line":72,"column":62}},"72":{"start":{"line":73,"column":0},"end":{"line":73,"column":1}},"74":{"start":{"line":75,"column":0},"end":{"line":75,"column":65}},"75":{"start":{"line":76,"column":0},"end":{"line":76,"column":63}},"76":{"start":{"line":77,"column":0},"end":{"line":77,"column":1}},"78":{"start":{"line":79,"column":0},"end":{"line":79,"column":38}},"79":{"start":{"line":80,"column":0},"end":{"line":80,"column":47}},"80":{"start":{"line":81,"column":0},"end":{"line":81,"column":1}},"82":{"start":{"line":83,"column":0},"end":{"line":83,"column":61}},"83":{"start":{"line":84,"column":0},"end":{"line":84,"column":59}},"84":{"start":{"line":85,"column":0},"end":{"line":85,"column":1}},"86":{"start":{"line":87,"column":0},"end":{"line":87,"column":55}},"87":{"start":{"line":88,"column":0},"end":{"line":88,"column":24}},"88":{"start":{"line":89,"column":0},"end":{"line":89,"column":21}},"89":{"start":{"line":90,"column":0},"end":{"line":90,"column":21}},"90":{"start":{"line":91,"column":0},"end":{"line":91,"column":67}},"91":{"start":{"line":92,"column":0},"end":{"line":92,"column":43}},"92":{"start":{"line":93,"column":0},"end":{"line":93,"column":31}},"93":{"start":{"line":94,"column":0},"end":{"line":94,"column":46}},"94":{"start":{"line":95,"column":0},"end":{"line":95,"column":4}},"95":{"start":{"line":96,"column":0},"end":{"line":96,"column":36}},"96":{"start":{"line":97,"column":0},"end":{"line":97,"column":15}},"97":{"start":{"line":98,"column":0},"end":{"line":98,"column":1}},"99":{"start":{"line":100,"column":0},"end":{"line":100,"column":49}},"100":{"start":{"line":101,"column":0},"end":{"line":101,"column":35}},"101":{"start":{"line":102,"column":0},"end":{"line":102,"column":68}},"102":{"start":{"line":103,"column":0},"end":{"line":103,"column":44}},"103":{"start":{"line":104,"column":0},"end":{"line":104,"column":1}},"105":{"start":{"line":106,"column":0},"end":{"line":106,"column":79}},"106":{"start":{"line":107,"column":0},"end":{"line":107,"column":42}},"107":{"start":{"line":108,"column":0},"end":{"line":108,"column":30}},"108":{"start":{"line":109,"column":0},"end":{"line":109,"column":7}},"109":{"start":{"line":110,"column":0},"end":{"line":110,"column":21}},"110":{"start":{"line":111,"column":0},"end":{"line":111,"column":67}},"111":{"start":{"line":112,"column":0},"end":{"line":112,"column":43}},"112":{"start":{"line":113,"column":0},"end":{"line":113,"column":31}},"113":{"start":{"line":114,"column":0},"end":{"line":114,"column":5}},"114":{"start":{"line":115,"column":0},"end":{"line":115,"column":26}},"115":{"start":{"line":116,"column":0},"end":{"line":116,"column":1}},"117":{"start":{"line":118,"column":0},"end":{"line":118,"column":50}},"118":{"start":{"line":119,"column":0},"end":{"line":119,"column":52}},"119":{"start":{"line":120,"column":0},"end":{"line":120,"column":1}},"121":{"start":{"line":122,"column":0},"end":{"line":122,"column":40}},"122":{"start":{"line":123,"column":0},"end":{"line":123,"column":57}},"123":{"start":{"line":124,"column":0},"end":{"line":124,"column":1}}},"s":{"0":1,"34":1,"35":1,"36":0,"37":0,"39":1,"40":1,"41":1,"43":1,"44":1,"45":1,"47":1,"48":1,"49":1,"50":1,"51":1,"52":1,"53":1,"54":1,"55":1,"57":1,"58":1,"59":1,"60":1,"61":1,"62":1,"64":1,"66":1,"67":21,"68":21,"70":1,"71":10,"72":10,"74":1,"75":25,"76":25,"78":1,"79":5,"80":5,"82":1,"83":8,"84":8,"86":1,"87":22,"88":22,"89":22,"90":22,"91":22,"92":22,"93":22,"94":22,"95":22,"96":22,"97":22,"99":1,"100":16,"101":11,"102":11,"103":11,"105":1,"106":2,"107":2,"108":2,"109":2,"110":2,"111":2,"112":2,"113":2,"114":2,"115":2,"117":1,"118":4,"119":4,"121":1,"122":24,"123":24},"branchMap":{"0":{"type":"branch","line":35,"loc":{"start":{"line":35,"column":27},"end":{"line":35,"column":95}},"locations":[{"start":{"line":35,"column":27},"end":{"line":35,"column":95}}]},"1":{"type":"branch","line":36,"loc":{"start":{"line":36,"column":27},"end":{"line":38,"column":1}},"locations":[{"start":{"line":36,"column":27},"end":{"line":38,"column":1}}]},"2":{"type":"branch","line":67,"loc":{"start":{"line":67,"column":7},"end":{"line":69,"column":1}},"locations":[{"start":{"line":67,"column":7},"end":{"line":69,"column":1}}]},"3":{"type":"branch","line":71,"loc":{"start":{"line":71,"column":7},"end":{"line":73,"column":1}},"locations":[{"start":{"line":71,"column":7},"end":{"line":73,"column":1}}]},"4":{"type":"branch","line":75,"loc":{"start":{"line":75,"column":7},"end":{"line":77,"column":1}},"locations":[{"start":{"line":75,"column":7},"end":{"line":77,"column":1}}]},"5":{"type":"branch","line":79,"loc":{"start":{"line":79,"column":7},"end":{"line":81,"column":1}},"locations":[{"start":{"line":79,"column":7},"end":{"line":81,"column":1}}]},"6":{"type":"branch","line":83,"loc":{"start":{"line":83,"column":7},"end":{"line":85,"column":1}},"locations":[{"start":{"line":83,"column":7},"end":{"line":85,"column":1}}]},"7":{"type":"branch","line":87,"loc":{"start":{"line":87,"column":7},"end":{"line":98,"column":1}},"locations":[{"start":{"line":87,"column":7},"end":{"line":98,"column":1}}]},"8":{"type":"branch","line":91,"loc":{"start":{"line":91,"column":16},"end":{"line":91,"column":48}},"locations":[{"start":{"line":91,"column":16},"end":{"line":91,"column":48}}]},"9":{"type":"branch","line":91,"loc":{"start":{"line":91,"column":44},"end":{"line":91,"column":61}},"locations":[{"start":{"line":91,"column":44},"end":{"line":91,"column":61}}]},"10":{"type":"branch","line":91,"loc":{"start":{"line":91,"column":54},"end":{"line":91,"column":67}},"locations":[{"start":{"line":91,"column":54},"end":{"line":91,"column":67}}]},"11":{"type":"branch","line":93,"loc":{"start":{"line":93,"column":17},"end":{"line":93,"column":31}},"locations":[{"start":{"line":93,"column":17},"end":{"line":93,"column":31}}]},"12":{"type":"branch","line":100,"loc":{"start":{"line":100,"column":7},"end":{"line":104,"column":1}},"locations":[{"start":{"line":100,"column":7},"end":{"line":104,"column":1}}]},"13":{"type":"branch","line":101,"loc":{"start":{"line":101,"column":28},"end":{"line":104,"column":1}},"locations":[{"start":{"line":101,"column":28},"end":{"line":104,"column":1}}]},"14":{"type":"branch","line":101,"loc":{"start":{"line":101,"column":28},"end":{"line":101,"column":35}},"locations":[{"start":{"line":101,"column":28},"end":{"line":101,"column":35}}]},"15":{"type":"branch","line":101,"loc":{"start":{"line":101,"column":28},"end":{"line":104,"column":1}},"locations":[{"start":{"line":101,"column":28},"end":{"line":104,"column":1}}]},"16":{"type":"branch","line":106,"loc":{"start":{"line":106,"column":7},"end":{"line":116,"column":1}},"locations":[{"start":{"line":106,"column":7},"end":{"line":116,"column":1}}]},"17":{"type":"branch","line":107,"loc":{"start":{"line":107,"column":25},"end":{"line":107,"column":42}},"locations":[{"start":{"line":107,"column":25},"end":{"line":107,"column":42}}]},"18":{"type":"branch","line":111,"loc":{"start":{"line":111,"column":54},"end":{"line":111,"column":67}},"locations":[{"start":{"line":111,"column":54},"end":{"line":111,"column":67}}]},"19":{"type":"branch","line":118,"loc":{"start":{"line":118,"column":7},"end":{"line":120,"column":1}},"locations":[{"start":{"line":118,"column":7},"end":{"line":120,"column":1}}]},"20":{"type":"branch","line":122,"loc":{"start":{"line":122,"column":7},"end":{"line":124,"column":1}},"locations":[{"start":{"line":122,"column":7},"end":{"line":124,"column":1}}]}},"b":{"0":[0],"1":[0],"2":[21],"3":[10],"4":[25],"5":[5],"6":[8],"7":[22],"8":[15],"9":[15],"10":[7],"11":[9],"12":[16],"13":[15],"14":[5],"15":[11],"16":[2],"17":[0],"18":[0],"19":[4],"20":[24]},"fnMap":{"0":{"name":"insertActivity","decl":{"start":{"line":67,"column":7},"end":{"line":69,"column":1}},"loc":{"start":{"line":67,"column":7},"end":{"line":69,"column":1}},"line":67},"1":{"name":"getRecentActivities","decl":{"start":{"line":71,"column":7},"end":{"line":73,"column":1}},"loc":{"start":{"line":71,"column":7},"end":{"line":73,"column":1}},"line":71},"2":{"name":"getAgentByName","decl":{"start":{"line":75,"column":7},"end":{"line":77,"column":1}},"loc":{"start":{"line":75,"column":7},"end":{"line":77,"column":1}},"line":75},"3":{"name":"getAgents","decl":{"start":{"line":79,"column":7},"end":{"line":81,"column":1}},"loc":{"start":{"line":79,"column":7},"end":{"line":81,"column":1}},"line":79},"4":{"name":"getAgentById","decl":{"start":{"line":83,"column":7},"end":{"line":85,"column":1}},"loc":{"start":{"line":83,"column":7},"end":{"line":85,"column":1}},"line":83},"5":{"name":"createAgent","decl":{"start":{"line":87,"column":7},"end":{"line":98,"column":1}},"loc":{"start":{"line":87,"column":7},"end":{"line":98,"column":1}},"line":87},"6":{"name":"ensureAgent","decl":{"start":{"line":100,"column":7},"end":{"line":104,"column":1}},"loc":{"start":{"line":100,"column":7},"end":{"line":104,"column":1}},"line":100},"7":{"name":"updateAgent","decl":{"start":{"line":106,"column":7},"end":{"line":116,"column":1}},"loc":{"start":{"line":106,"column":7},"end":{"line":116,"column":1}},"line":106},"8":{"name":"deleteAgent","decl":{"start":{"line":118,"column":7},"end":{"line":120,"column":1}},"loc":{"start":{"line":118,"column":7},"end":{"line":120,"column":1}},"line":118},"9":{"name":"_resetForTests","decl":{"start":{"line":122,"column":7},"end":{"line":124,"column":1}},"loc":{"start":{"line":122,"column":7},"end":{"line":124,"column":1}},"line":122}},"f":{"0":21,"1":10,"2":25,"3":5,"4":8,"5":22,"6":16,"7":2,"8":4,"9":24}}
,"C:\\Users\\murase\\Documents\\yatagarasu\\src\\server\\db\\schema.ts": {"path":"C:\\Users\\murase\\Documents\\yatagarasu\\src\\server\\db\\schema.ts","all":false,"statementMap":{"0":{"start":{"line":1,"column":0},"end":{"line":1,"column":23}}},"s":{"0":1},"branchMap":{},"b":{},"fnMap":{},"f":{}}
,"C:\\Users\\murase\\Documents\\yatagarasu\\src\\server\\routes\\activities.ts": {"path":"C:\\Users\\murase\\Documents\\yatagarasu\\src\\server\\routes\\activities.ts","all":false,"statementMap":{"0":{"start":{"line":1,"column":0},"end":{"line":1,"column":33}},"3":{"start":{"line":4,"column":0},"end":{"line":4,"column":41}},"5":{"start":{"line":6,"column":0},"end":{"line":6,"column":41}},"6":{"start":{"line":7,"column":0},"end":{"line":7,"column":62}},"7":{"start":{"line":8,"column":0},"end":{"line":8,"column":39}},"8":{"start":{"line":9,"column":0},"end":{"line":9,"column":3}}},"s":{"0":1,"3":1,"5":1,"6":6,"7":6,"8":6},"branchMap":{"0":{"type":"branch","line":6,"loc":{"start":{"line":6,"column":26},"end":{"line":9,"column":3}},"locations":[{"start":{"line":6,"column":26},"end":{"line":9,"column":3}}]},"1":{"type":"branch","line":7,"loc":{"start":{"line":7,"column":47},"end":{"line":7,"column":57}},"locations":[{"start":{"line":7,"column":47},"end":{"line":7,"column":57}}]}},"b":{"0":[6],"1":[5]},"fnMap":{},"f":{}}
,"C:\\Users\\murase\\Documents\\yatagarasu\\src\\server\\routes\\agents.ts": {"path":"C:\\Users\\murase\\Documents\\yatagarasu\\src\\server\\routes\\agents.ts","all":false,"statementMap":{"0":{"start":{"line":1,"column":0},"end":{"line":1,"column":33}},"10":{"start":{"line":11,"column":0},"end":{"line":11,"column":37}},"12":{"start":{"line":13,"column":0},"end":{"line":13,"column":38}},"13":{"start":{"line":14,"column":0},"end":{"line":14,"column":24}},"14":{"start":{"line":15,"column":0},"end":{"line":15,"column":3}},"16":{"start":{"line":17,"column":0},"end":{"line":17,"column":38}},"17":{"start":{"line":18,"column":0},"end":{"line":18,"column":60}},"18":{"start":{"line":19,"column":0},"end":{"line":19,"column":42}},"19":{"start":{"line":20,"column":0},"end":{"line":20,"column":56}},"20":{"start":{"line":21,"column":0},"end":{"line":21,"column":11}},"21":{"start":{"line":22,"column":0},"end":{"line":22,"column":3}},"22":{"start":{"line":23,"column":0},"end":{"line":23,"column":29}},"23":{"start":{"line":24,"column":0},"end":{"line":24,"column":59}},"24":{"start":{"line":25,"column":0},"end":{"line":25,"column":11}},"25":{"start":{"line":26,"column":0},"end":{"line":26,"column":3}},"26":{"start":{"line":27,"column":0},"end":{"line":27,"column":64}},"27":{"start":{"line":28,"column":0},"end":{"line":28,"column":30}},"28":{"start":{"line":29,"column":0},"end":{"line":29,"column":3}},"30":{"start":{"line":31,"column":0},"end":{"line":31,"column":40}},"31":{"start":{"line":32,"column":0},"end":{"line":32,"column":60}},"32":{"start":{"line":33,"column":0},"end":{"line":33,"column":42}},"33":{"start":{"line":34,"column":0},"end":{"line":34,"column":56}},"34":{"start":{"line":35,"column":0},"end":{"line":35,"column":11}},"35":{"start":{"line":36,"column":0},"end":{"line":36,"column":3}},"36":{"start":{"line":37,"column":0},"end":{"line":37,"column":37}},"37":{"start":{"line":38,"column":0},"end":{"line":38,"column":49}},"38":{"start":{"line":39,"column":0},"end":{"line":39,"column":11}},"39":{"start":{"line":40,"column":0},"end":{"line":40,"column":3}},"40":{"start":{"line":41,"column":0},"end":{"line":41,"column":41}},"41":{"start":{"line":42,"column":0},"end":{"line":42,"column":52}},"42":{"start":{"line":43,"column":0},"end":{"line":43,"column":59}},"43":{"start":{"line":44,"column":0},"end":{"line":44,"column":11}},"44":{"start":{"line":45,"column":0},"end":{"line":45,"column":3}},"45":{"start":{"line":46,"column":0},"end":{"line":46,"column":81}},"46":{"start":{"line":47,"column":0},"end":{"line":47,"column":20}},"47":{"start":{"line":48,"column":0},"end":{"line":48,"column":3}},"49":{"start":{"line":50,"column":0},"end":{"line":50,"column":43}},"50":{"start":{"line":51,"column":0},"end":{"line":51,"column":36}},"51":{"start":{"line":52,"column":0},"end":{"line":52,"column":49}},"52":{"start":{"line":53,"column":0},"end":{"line":53,"column":11}},"53":{"start":{"line":54,"column":0},"end":{"line":54,"column":3}},"54":{"start":{"line":55,"column":0},"end":{"line":55,"column":24}},"55":{"start":{"line":56,"column":0},"end":{"line":56,"column":3}}},"s":{"0":1,"10":1,"12":1,"13":2,"14":2,"16":1,"17":8,"18":8,"19":1,"20":1,"21":1,"22":8,"23":1,"24":1,"25":1,"26":6,"27":6,"28":6,"30":1,"31":3,"32":3,"33":0,"34":0,"35":0,"36":3,"37":1,"38":1,"39":1,"40":2,"41":3,"42":1,"43":1,"44":1,"45":1,"46":1,"47":1,"49":1,"50":2,"51":1,"52":1,"53":1,"54":1,"55":1},"branchMap":{"0":{"type":"branch","line":13,"loc":{"start":{"line":13,"column":22},"end":{"line":15,"column":3}},"locations":[{"start":{"line":13,"column":22},"end":{"line":15,"column":3}}]},"1":{"type":"branch","line":17,"loc":{"start":{"line":17,"column":23},"end":{"line":29,"column":3}},"locations":[{"start":{"line":17,"column":23},"end":{"line":29,"column":3}}]},"2":{"type":"branch","line":18,"loc":{"start":{"line":18,"column":49},"end":{"line":18,"column":60}},"locations":[{"start":{"line":18,"column":49},"end":{"line":18,"column":60}}]},"3":{"type":"branch","line":19,"loc":{"start":{"line":19,"column":7},"end":{"line":19,"column":41}},"locations":[{"start":{"line":19,"column":7},"end":{"line":19,"column":41}}]},"4":{"type":"branch","line":19,"loc":{"start":{"line":19,"column":41},"end":{"line":22,"column":3}},"locations":[{"start":{"line":19,"column":41},"end":{"line":22,"column":3}}]},"5":{"type":"branch","line":22,"loc":{"start":{"line":22,"column":2},"end":{"line":23,"column":28}},"locations":[{"start":{"line":22,"column":2},"end":{"line":23,"column":28}}]},"6":{"type":"branch","line":23,"loc":{"start":{"line":23,"column":28},"end":{"line":26,"column":3}},"locations":[{"start":{"line":23,"column":28},"end":{"line":26,"column":3}}]},"7":{"type":"branch","line":26,"loc":{"start":{"line":26,"column":2},"end":{"line":29,"column":3}},"locations":[{"start":{"line":26,"column":2},"end":{"line":29,"column":3}}]},"8":{"type":"branch","line":31,"loc":{"start":{"line":31,"column":25},"end":{"line":48,"column":3}},"locations":[{"start":{"line":31,"column":25},"end":{"line":48,"column":3}}]},"9":{"type":"branch","line":32,"loc":{"start":{"line":32,"column":49},"end":{"line":32,"column":60}},"locations":[{"start":{"line":32,"column":49},"end":{"line":32,"column":60}}]},"10":{"type":"branch","line":33,"loc":{"start":{"line":33,"column":41},"end":{"line":36,"column":3}},"locations":[{"start":{"line":33,"column":41},"end":{"line":36,"column":3}}]},"11":{"type":"branch","line":37,"loc":{"start":{"line":37,"column":36},"end":{"line":40,"column":3}},"locations":[{"start":{"line":37,"column":36},"end":{"line":40,"column":3}}]},"12":{"type":"branch","line":40,"loc":{"start":{"line":40,"column":2},"end":{"line":42,"column":51}},"locations":[{"start":{"line":40,"column":2},"end":{"line":42,"column":51}}]},"13":{"type":"branch","line":42,"loc":{"start":{"line":42,"column":51},"end":{"line":48,"column":3}},"locations":[{"start":{"line":42,"column":51},"end":{"line":48,"column":3}}]},"14":{"type":"branch","line":50,"loc":{"start":{"line":50,"column":28},"end":{"line":56,"column":3}},"locations":[{"start":{"line":50,"column":28},"end":{"line":56,"column":3}}]},"15":{"type":"branch","line":51,"loc":{"start":{"line":51,"column":35},"end":{"line":56,"column":3}},"locations":[{"start":{"line":51,"column":35},"end":{"line":56,"column":3}}]}},"b":{"0":[2],"1":[8],"2":[0],"3":[7],"4":[1],"5":[7],"6":[1],"7":[6],"8":[3],"9":[0],"10":[0],"11":[1],"12":[2],"13":[1],"14":[2],"15":[1]},"fnMap":{},"f":{}}
,"C:\\Users\\murase\\Documents\\yatagarasu\\src\\server\\routes\\hooks.ts": {"path":"C:\\Users\\murase\\Documents\\yatagarasu\\src\\server\\routes\\hooks.ts","all":false,"statementMap":{"0":{"start":{"line":1,"column":0},"end":{"line":1,"column":33}},"5":{"start":{"line":6,"column":0},"end":{"line":6,"column":36}},"7":{"start":{"line":8,"column":0},"end":{"line":8,"column":37}},"8":{"start":{"line":9,"column":0},"end":{"line":9,"column":30}},"10":{"start":{"line":11,"column":0},"end":{"line":11,"column":87}},"11":{"start":{"line":12,"column":0},"end":{"line":12,"column":90}},"12":{"start":{"line":13,"column":0},"end":{"line":13,"column":57}},"13":{"start":{"line":14,"column":0},"end":{"line":14,"column":55}},"14":{"start":{"line":15,"column":0},"end":{"line":15,"column":81}},"15":{"start":{"line":16,"column":0},"end":{"line":16,"column":91}},"16":{"start":{"line":17,"column":0},"end":{"line":17,"column":59}},"17":{"start":{"line":18,"column":0},"end":{"line":18,"column":80}},"19":{"start":{"line":20,"column":0},"end":{"line":20,"column":25}},"21":{"start":{"line":22,"column":0},"end":{"line":22,"column":30}},"22":{"start":{"line":23,"column":0},"end":{"line":23,"column":21}},"23":{"start":{"line":24,"column":0},"end":{"line":24,"column":26}},"24":{"start":{"line":25,"column":0},"end":{"line":25,"column":26}},"25":{"start":{"line":26,"column":0},"end":{"line":26,"column":24}},"26":{"start":{"line":27,"column":0},"end":{"line":27,"column":26}},"27":{"start":{"line":28,"column":0},"end":{"line":28,"column":28}},"28":{"start":{"line":29,"column":0},"end":{"line":29,"column":26}},"29":{"start":{"line":30,"column":0},"end":{"line":30,"column":45}},"30":{"start":{"line":31,"column":0},"end":{"line":31,"column":4}},"32":{"start":{"line":33,"column":0},"end":{"line":33,"column":27}},"33":{"start":{"line":34,"column":0},"end":{"line":34,"column":30}},"35":{"start":{"line":36,"column":0},"end":{"line":36,"column":37}},"36":{"start":{"line":37,"column":0},"end":{"line":37,"column":3}}},"s":{"0":1,"5":1,"7":1,"8":14,"10":14,"11":14,"12":14,"13":14,"14":14,"15":14,"16":14,"17":14,"19":14,"21":14,"22":14,"23":14,"24":14,"25":14,"26":14,"27":14,"28":14,"29":14,"30":14,"32":14,"33":14,"35":14,"36":14},"branchMap":{"0":{"type":"branch","line":8,"loc":{"start":{"line":8,"column":22},"end":{"line":37,"column":3}},"locations":[{"start":{"line":8,"column":22},"end":{"line":37,"column":3}}]},"1":{"type":"branch","line":9,"loc":{"start":{"line":9,"column":19},"end":{"line":9,"column":30}},"locations":[{"start":{"line":9,"column":19},"end":{"line":9,"column":30}}]},"2":{"type":"branch","line":11,"loc":{"start":{"line":11,"column":48},"end":{"line":11,"column":77}},"locations":[{"start":{"line":11,"column":48},"end":{"line":11,"column":77}}]},"3":{"type":"branch","line":11,"loc":{"start":{"line":11,"column":69},"end":{"line":11,"column":87}},"locations":[{"start":{"line":11,"column":69},"end":{"line":11,"column":87}}]},"4":{"type":"branch","line":12,"loc":{"start":{"line":12,"column":28},"end":{"line":12,"column":61}},"locations":[{"start":{"line":12,"column":28},"end":{"line":12,"column":61}}]},"5":{"type":"branch","line":12,"loc":{"start":{"line":12,"column":47},"end":{"line":12,"column":80}},"locations":[{"start":{"line":12,"column":47},"end":{"line":12,"column":80}}]},"6":{"type":"branch","line":12,"loc":{"start":{"line":12,"column":66},"end":{"line":12,"column":90}},"locations":[{"start":{"line":12,"column":66},"end":{"line":12,"column":90}}]},"7":{"type":"branch","line":13,"loc":{"start":{"line":13,"column":33},"end":{"line":13,"column":57}},"locations":[{"start":{"line":13,"column":33},"end":{"line":13,"column":57}}]},"8":{"type":"branch","line":14,"loc":{"start":{"line":14,"column":32},"end":{"line":14,"column":55}},"locations":[{"start":{"line":14,"column":32},"end":{"line":14,"column":55}}]},"9":{"type":"branch","line":15,"loc":{"start":{"line":15,"column":33},"end":{"line":15,"column":71}},"locations":[{"start":{"line":15,"column":33},"end":{"line":15,"column":71}}]},"10":{"type":"branch","line":15,"loc":{"start":{"line":15,"column":57},"end":{"line":15,"column":81}},"locations":[{"start":{"line":15,"column":57},"end":{"line":15,"column":81}}]},"11":{"type":"branch","line":16,"loc":{"start":{"line":16,"column":40},"end":{"line":16,"column":86}},"locations":[{"start":{"line":16,"column":40},"end":{"line":16,"column":86}}]},"12":{"type":"branch","line":16,"loc":{"start":{"line":16,"column":82},"end":{"line":16,"column":91}},"locations":[{"start":{"line":16,"column":82},"end":{"line":16,"column":91}}]},"13":{"type":"branch","line":17,"loc":{"start":{"line":17,"column":25},"end":{"line":17,"column":59}},"locations":[{"start":{"line":17,"column":25},"end":{"line":17,"column":59}}]},"14":{"type":"branch","line":18,"loc":{"start":{"line":18,"column":35},"end":{"line":18,"column":75}},"locations":[{"start":{"line":18,"column":35},"end":{"line":18,"column":75}}]},"15":{"type":"branch","line":18,"loc":{"start":{"line":18,"column":71},"end":{"line":18,"column":80}},"locations":[{"start":{"line":18,"column":71},"end":{"line":18,"column":80}}]}},"b":{"0":[14],"1":[0],"2":[10],"3":[4],"4":[4],"5":[3],"6":[2],"7":[1],"8":[1],"9":[5],"10":[5],"11":[1],"12":[13],"13":[13],"14":[1],"15":[13]},"fnMap":{},"f":{}}
}
